[18-Mar-2022 02:13:20 Africa/Nairobi] PHP Fatal error:  Cannot use Mail as Mail because the name is already in use in /home/elshadai/deploy.elshadaigtinvestment.org/app/Http/Controllers/Auth/LoginController.php on line 15
[21-Mar-2022 00:52:03 Africa/Nairobi] PHP Fatal error:  Cannot use Carbon\Carbon as Carbon because the name is already in use in /home/elshadai/deploy.elshadaigtinvestment.org/app/Http/Controllers/AffiliatesController.php on line 11
[25-Mar-2022 13:23:37 Africa/Nairobi] PHP Fatal error:  Maximum execution time of 30 seconds exceeded in /home/elshadai/deploy.elshadaigtinvestment.org/vendor/laravel/framework/src/Illuminate/Support/Arr.php on line 221
[25-Mar-2022 13:38:16 Africa/Nairobi] PHP Fatal error:  Maximum execution time of 30 seconds exceeded in /home/elshadai/deploy.elshadaigtinvestment.org/vendor/laravel/framework/src/Illuminate/Events/Dispatcher.php on line 307
[25-Mar-2022 13:55:09 Africa/Nairobi] PHP Fatal error:  Maximum execution time of 30 seconds exceeded in /home/elshadai/deploy.elshadaigtinvestment.org/vendor/laravel/framework/src/Illuminate/Support/helpers.php on line 109
[25-Mar-2022 13:57:05 Africa/Nairobi] PHP Fatal error:  Maximum execution time of 30 seconds exceeded in /home/elshadai/deploy.elshadaigtinvestment.org/vendor/laravel/framework/src/Illuminate/Database/Query/Builder.php on line 1959
[25-Mar-2022 14:01:07 Africa/Nairobi] PHP Fatal error:  Maximum execution time of 30 seconds exceeded in /home/elshadai/deploy.elshadaigtinvestment.org/vendor/nesbot/carbon/src/Carbon/CarbonTimeZone.php on line 23
[25-Mar-2022 14:03:06 Africa/Nairobi] PHP Warning:  Uncaught Illuminate\Contracts\Filesystem\FileNotFoundException: File does not exist at path /home/elshadai/deploy.elshadaigtinvestment.org/storage/framework/cache/data/ee/2f/ee2f842aa7bb1f53edf3a2ed2c09a1807ffa6c90 in /home/elshadai/deploy.elshadaigtinvestment.org/vendor/laravel/framework/src/Illuminate/Filesystem/Filesystem.php:52
Stack trace:
#0 /home/elshadai/deploy.elshadaigtinvestment.org/vendor/laravel/framework/src/Illuminate/Cache/FileStore.php(207): Illuminate\Filesystem\Filesystem->get('/home/elshadai/...', true)
#1 /home/elshadai/deploy.elshadaigtinvestment.org/vendor/laravel/framework/src/Illuminate/Cache/FileStore.php(58): Illuminate\Cache\FileStore->getPayload('illuminate:queu...')
#2 /home/elshadai/deploy.elshadaigtinvestment.org/vendor/laravel/framework/src/Illuminate/Cache/Repository.php(97): Illuminate\Cache\FileStore->get('illuminate:queu...')
#3 /home/elshadai/deploy.elshadaigtinvestment.org/vendor/laravel/framework/src/Illuminate/Queue/Worker.php(547): Illuminate\Cache\Repository->get('il in /home/elshadai/deploy.elshadaigtinvestment.org/vendor/laravel/framework/src/Illuminate/Filesystem/Filesystem.php on line 52
[25-Mar-2022 14:03:06 Africa/Nairobi] PHP Fatal error:  Maximum execution time of 30 seconds exceeded in /home/elshadai/deploy.elshadaigtinvestment.org/vendor/laravel/framework/src/Illuminate/Cache/FileStore.php on line 209
[25-Mar-2022 14:10:15 Africa/Nairobi] PHP Fatal error:  Maximum execution time of 30 seconds exceeded in /home/elshadai/deploy.elshadaigtinvestment.org/vendor/laravel/framework/src/Illuminate/Database/Query/Grammars/Grammar.php on line 1242
[25-Mar-2022 14:14:31 Africa/Nairobi] PHP Fatal error:  Maximum execution time of 30 seconds exceeded in /home/elshadai/deploy.elshadaigtinvestment.org/vendor/laravel/framework/src/Illuminate/Database/Connection.php on line 1031
[25-Mar-2022 14:16:40 Africa/Nairobi] PHP Fatal error:  Maximum execution time of 30 seconds exceeded in /home/elshadai/deploy.elshadaigtinvestment.org/vendor/laravel/framework/src/Illuminate/Events/Dispatcher.php on line 340
[26-Mar-2022 11:48:17 Africa/Nairobi] PHP Fatal error:  Maximum execution time of 30 seconds exceeded in /home/elshadai/deploy.elshadaigtinvestment.org/vendor/nesbot/carbon/src/Carbon/Traits/Creator.php on line 72
[26-Mar-2022 11:54:01 Africa/Nairobi] PHP Fatal error:  Maximum execution time of 30 seconds exceeded in /home/elshadai/deploy.elshadaigtinvestment.org/vendor/laravel/framework/src/Illuminate/Database/Query/Builder.php on line 772
[26-Mar-2022 12:00:05 Africa/Nairobi] PHP Fatal error:  Maximum execution time of 30 seconds exceeded in /home/elshadai/deploy.elshadaigtinvestment.org/vendor/laravel/framework/src/Illuminate/Database/Connection.php on line 674
[26-Mar-2022 12:02:18 Africa/Nairobi] PHP Fatal error:  Maximum execution time of 30 seconds exceeded in /home/elshadai/deploy.elshadaigtinvestment.org/vendor/laravel/framework/src/Illuminate/Support/Arr.php on line 151
[26-Mar-2022 12:16:06 Africa/Nairobi] PHP Fatal error:  Maximum execution time of 30 seconds exceeded in /home/elshadai/deploy.elshadaigtinvestment.org/vendor/doctrine/dbal/lib/Doctrine/DBAL/Driver/PDOStatement.php on line 54
[26-Mar-2022 12:50:27 Africa/Nairobi] PHP Fatal error:  Maximum execution time of 30 seconds exceeded in /home/elshadai/deploy.elshadaigtinvestment.org/vendor/laravel/framework/src/Illuminate/Database/Concerns/ManagesTransactions.php on line 133
[26-Mar-2022 12:53:53 Africa/Nairobi] PHP Fatal error:  Maximum execution time of 30 seconds exceeded in /home/elshadai/deploy.elshadaigtinvestment.org/vendor/laravel/framework/src/Illuminate/Queue/DatabaseQueue.php on line 222
[26-Mar-2022 12:55:42 Africa/Nairobi] PHP Fatal error:  Maximum execution time of 30 seconds exceeded in /home/elshadai/deploy.elshadaigtinvestment.org/vendor/laravel/framework/src/Illuminate/Database/Concerns/ManagesTransactions.php on line 133
[26-Mar-2022 12:59:35 Africa/Nairobi] PHP Fatal error:  Maximum execution time of 30 seconds exceeded in /home/elshadai/deploy.elshadaigtinvestment.org/vendor/laravel/framework/src/Illuminate/Database/Query/Grammars/Grammar.php on line 87
[26-Mar-2022 13:02:29 Africa/Nairobi] PHP Fatal error:  Maximum execution time of 30 seconds exceeded in /home/elshadai/deploy.elshadaigtinvestment.org/vendor/nesbot/carbon/src/Carbon/Traits/Creator.php on line 91
[26-Mar-2022 13:03:27 Africa/Nairobi] PHP Fatal error:  Maximum execution time of 30 seconds exceeded in /home/elshadai/deploy.elshadaigtinvestment.org/vendor/laravel/framework/src/Illuminate/Support/Arr.php on line 21
[26-Mar-2022 13:04:01 Africa/Nairobi] PHP Fatal error:  Maximum execution time of 30 seconds exceeded in /home/elshadai/deploy.elshadaigtinvestment.org/vendor/laravel/framework/src/Illuminate/Database/Concerns/ManagesTransactions.php on line 133
[26-Mar-2022 13:09:14 Africa/Nairobi] PHP Fatal error:  Maximum execution time of 30 seconds exceeded in /home/elshadai/deploy.elshadaigtinvestment.org/vendor/laravel/framework/src/Illuminate/Events/Dispatcher.php on line 250
[26-Mar-2022 13:13:37 Africa/Nairobi] PHP Fatal error:  Maximum execution time of 30 seconds exceeded in /home/elshadai/deploy.elshadaigtinvestment.org/vendor/doctrine/dbal/lib/Doctrine/DBAL/Driver/PDOConnection.php on line 79
[26-Mar-2022 13:14:59 Africa/Nairobi] PHP Fatal error:  Maximum execution time of 30 seconds exceeded in /home/elshadai/deploy.elshadaigtinvestment.org/vendor/nesbot/carbon/src/Carbon/Traits/IntervalRounding.php on line 27
[26-Mar-2022 13:18:00 Africa/Nairobi] PHP Fatal error:  Maximum execution time of 30 seconds exceeded in /home/elshadai/deploy.elshadaigtinvestment.org/vendor/nesbot/carbon/src/Carbon/CarbonTimeZone.php on line 37
[26-Mar-2022 13:22:11 Africa/Nairobi] PHP Fatal error:  Maximum execution time of 30 seconds exceeded in /home/elshadai/deploy.elshadaigtinvestment.org/vendor/laravel/framework/src/Illuminate/Database/Connection.php on line 662
[26-Mar-2022 13:22:53 Africa/Nairobi] PHP Fatal error:  Maximum execution time of 30 seconds exceeded in /home/elshadai/deploy.elshadaigtinvestment.org/vendor/laravel/framework/src/Illuminate/Queue/Worker.php on line 580
[26-Mar-2022 13:27:49 Africa/Nairobi] PHP Fatal error:  Maximum execution time of 30 seconds exceeded in /home/elshadai/deploy.elshadaigtinvestment.org/vendor/laravel/framework/src/Illuminate/Database/Query/Grammars/Grammar.php on line 463
[01-Apr-2022 01:42:20 Africa/Nairobi] PHP Fatal error:  'continue' not in the 'loop' or 'switch' context in /home/elshadai/deploy.elshadaigtinvestment.org/storage/framework/views/e816f31658d357efd019431ba97fd09eaa75bbb9.php on line 17
[19-Oct-2022 12:07:18 UTC] PHP Fatal error:  Uncaught RuntimeException: A facade root has not been set. in /home/elshadai/test.elshadaigtinvestment.org/vendor/laravel/framework/src/Illuminate/Support/Facades/Facade.php:258
Stack trace:
#0 /home/elshadai/test.elshadaigtinvestment.org/vendor/laravel/framework/src/Illuminate/Foundation/Exceptions/Handler.php(427): Illuminate\Support\Facades\Facade::__callStatic('replaceNamespac...', Array)
#1 /home/elshadai/test.elshadaigtinvestment.org/vendor/laravel/framework/src/Illuminate/Foundation/Exceptions/Handler.php(404): Illuminate\Foundation\Exceptions\Handler->registerErrorViewPaths()
#2 /home/elshadai/test.elshadaigtinvestment.org/vendor/laravel/framework/src/Illuminate/Foundation/Exceptions/Handler.php(315): Illuminate\Foundation\Exceptions\Handler->renderHttpException(Object(Symfony\Component\HttpKernel\Exception\HttpException))
#3 /home/elshadai/test.elshadaigtinvestment.org/vendor/laravel/framework/src/Illuminate/Foundation/Exceptions/Handler.php(212): Illuminate\Foundation\Exceptions\Handler->prepareResp in /home/elshadai/test.elshadaigtinvestment.org/vendor/laravel/framework/src/Illuminate/Support/Facades/Facade.php on line 258
[19-Oct-2022 12:08:41 UTC] PHP Fatal error:  Uncaught RuntimeException: A facade root has not been set. in /home/elshadai/test.elshadaigtinvestment.org/vendor/laravel/framework/src/Illuminate/Support/Facades/Facade.php:258
Stack trace:
#0 /home/elshadai/test.elshadaigtinvestment.org/vendor/laravel/framework/src/Illuminate/Foundation/Exceptions/Handler.php(427): Illuminate\Support\Facades\Facade::__callStatic('replaceNamespac...', Array)
#1 /home/elshadai/test.elshadaigtinvestment.org/vendor/laravel/framework/src/Illuminate/Foundation/Exceptions/Handler.php(404): Illuminate\Foundation\Exceptions\Handler->registerErrorViewPaths()
#2 /home/elshadai/test.elshadaigtinvestment.org/vendor/laravel/framework/src/Illuminate/Foundation/Exceptions/Handler.php(315): Illuminate\Foundation\Exceptions\Handler->renderHttpException(Object(Symfony\Component\HttpKernel\Exception\HttpException))
#3 /home/elshadai/test.elshadaigtinvestment.org/vendor/laravel/framework/src/Illuminate/Foundation/Exceptions/Handler.php(212): Illuminate\Foundation\Exceptions\Handler->prepareResp in /home/elshadai/test.elshadaigtinvestment.org/vendor/laravel/framework/src/Illuminate/Support/Facades/Facade.php on line 258
[19-Oct-2022 12:12:56 UTC] PHP Fatal error:  Uncaught RuntimeException: A facade root has not been set. in /home/elshadai/test.elshadaigtinvestment.org/vendor/laravel/framework/src/Illuminate/Support/Facades/Facade.php:258
Stack trace:
#0 /home/elshadai/test.elshadaigtinvestment.org/vendor/laravel/framework/src/Illuminate/Foundation/Exceptions/Handler.php(427): Illuminate\Support\Facades\Facade::__callStatic('replaceNamespac...', Array)
#1 /home/elshadai/test.elshadaigtinvestment.org/vendor/laravel/framework/src/Illuminate/Foundation/Exceptions/Handler.php(404): Illuminate\Foundation\Exceptions\Handler->registerErrorViewPaths()
#2 /home/elshadai/test.elshadaigtinvestment.org/vendor/laravel/framework/src/Illuminate/Foundation/Exceptions/Handler.php(315): Illuminate\Foundation\Exceptions\Handler->renderHttpException(Object(Symfony\Component\HttpKernel\Exception\HttpException))
#3 /home/elshadai/test.elshadaigtinvestment.org/vendor/laravel/framework/src/Illuminate/Foundation/Exceptions/Handler.php(212): Illuminate\Foundation\Exceptions\Handler->prepareResp in /home/elshadai/test.elshadaigtinvestment.org/vendor/laravel/framework/src/Illuminate/Support/Facades/Facade.php on line 258
[26-Oct-2022 12:17:46 Africa/Nairobi] PHP Fatal error:  Cannot declare class CreateSettingsTable, because the name is already in use in /home/elshadai/test.elshadaigtinvestment.org/database/migrations/2017_11_25_133229_create_settings_table.php on line 7
